{"contracts/Raffle.sol":{"l":{"58":3,"59":3,"60":3,"61":3,"62":3,"63":3,"64":3,"65":3,"71":5,"72":1,"74":4,"75":1,"78":3,"81":3,"96":1,"97":1,"98":1,"99":1,"100":1,"104":1,"105":1,"106":0,"112":1,"114":1,"122":1,"130":0,"131":0,"132":0,"135":0,"137":0,"139":0,"142":0,"143":0,"144":0,"146":0,"151":5,"155":0,"159":0,"163":1,"167":0,"171":0,"175":0,"179":0,"183":5,"187":1},"path":"/Users/user/lotteryGame/contracts/Raffle.sol","s":{"1":3,"2":3,"3":3,"4":3,"5":3,"6":3,"7":3,"8":3,"9":5,"10":4,"11":3,"12":3,"13":1,"14":1,"15":1,"16":1,"17":1,"18":1,"19":1,"20":1,"21":1,"22":1,"23":0,"24":0,"25":0,"26":0,"27":0,"28":0,"29":0,"30":0,"31":0,"32":5,"33":0,"34":0,"35":1,"36":0,"37":0,"38":0,"39":0,"40":5,"41":1},"b":{"1":[1,4],"2":[1,3],"3":[0,1],"4":[0,0]},"f":{"1":3,"2":5,"3":1,"4":1,"5":0,"6":5,"7":0,"8":0,"9":1,"10":0,"11":0,"12":0,"13":0,"14":5,"15":1},"fnMap":{"1":{"name":"constructor","line":57,"loc":{"start":{"line":50,"column":4},"end":{"line":66,"column":4}}},"2":{"name":"enterRaffle","line":69,"loc":{"start":{"line":69,"column":4},"end":{"line":82,"column":4}}},"3":{"name":"checkUpkeep","line":88,"loc":{"start":{"line":88,"column":4},"end":{"line":101,"column":4}}},"4":{"name":"performUpkeep","line":103,"loc":{"start":{"line":103,"column":4},"end":{"line":123,"column":4}}},"5":{"name":"fulfillRandomWords","line":125,"loc":{"start":{"line":125,"column":4},"end":{"line":147,"column":4}}},"6":{"name":"getEntranceFee","line":150,"loc":{"start":{"line":150,"column":4},"end":{"line":152,"column":4}}},"7":{"name":"getPlayers","line":154,"loc":{"start":{"line":154,"column":4},"end":{"line":156,"column":4}}},"8":{"name":"getWinner","line":158,"loc":{"start":{"line":158,"column":4},"end":{"line":160,"column":4}}},"9":{"name":"getRaffleState","line":162,"loc":{"start":{"line":162,"column":4},"end":{"line":164,"column":4}}},"10":{"name":"getNumWords","line":166,"loc":{"start":{"line":166,"column":4},"end":{"line":168,"column":4}}},"11":{"name":"getNumOfPlayers","line":170,"loc":{"start":{"line":170,"column":4},"end":{"line":172,"column":4}}},"12":{"name":"getLatestTimeStamp","line":174,"loc":{"start":{"line":174,"column":4},"end":{"line":176,"column":4}}},"13":{"name":"getRequestConfirmations","line":178,"loc":{"start":{"line":178,"column":4},"end":{"line":180,"column":4}}},"14":{"name":"getInterval","line":182,"loc":{"start":{"line":182,"column":4},"end":{"line":184,"column":4}}},"15":{"name":"getPlayer","line":186,"loc":{"start":{"line":186,"column":4},"end":{"line":188,"column":4}}}},"statementMap":{"1":{"start":{"line":58,"column":8},"end":{"line":58,"column":34}},"2":{"start":{"line":59,"column":8},"end":{"line":59,"column":69}},"3":{"start":{"line":60,"column":8},"end":{"line":60,"column":26}},"4":{"start":{"line":61,"column":8},"end":{"line":61,"column":40}},"5":{"start":{"line":62,"column":8},"end":{"line":62,"column":44}},"6":{"start":{"line":63,"column":8},"end":{"line":63,"column":39}},"7":{"start":{"line":64,"column":8},"end":{"line":64,"column":40}},"8":{"start":{"line":65,"column":8},"end":{"line":65,"column":28}},"9":{"start":{"line":71,"column":8},"end":{"line":71,"column":2401}},"10":{"start":{"line":74,"column":8},"end":{"line":74,"column":2502}},"11":{"start":{"line":78,"column":8},"end":{"line":78,"column":42}},"12":{"start":{"line":81,"column":8},"end":{"line":81,"column":39}},"13":{"start":{"line":96,"column":8},"end":{"line":96,"column":57}},"14":{"start":{"line":97,"column":8},"end":{"line":97,"column":76}},"15":{"start":{"line":98,"column":8},"end":{"line":98,"column":48}},"16":{"start":{"line":99,"column":8},"end":{"line":99,"column":53}},"17":{"start":{"line":100,"column":8},"end":{"line":100,"column":72}},"18":{"start":{"line":104,"column":8},"end":{"line":104,"column":47}},"19":{"start":{"line":105,"column":8},"end":{"line":105,"column":3552}},"20":{"start":{"line":112,"column":8},"end":{"line":112,"column":46}},"21":{"start":{"line":114,"column":8},"end":{"line":114,"column":3874}},"22":{"start":{"line":122,"column":8},"end":{"line":122,"column":45}},"23":{"start":{"line":130,"column":8},"end":{"line":130,"column":64}},"24":{"start":{"line":131,"column":8},"end":{"line":131,"column":62}},"25":{"start":{"line":132,"column":8},"end":{"line":132,"column":36}},"26":{"start":{"line":135,"column":8},"end":{"line":135,"column":39}},"27":{"start":{"line":137,"column":8},"end":{"line":137,"column":43}},"28":{"start":{"line":139,"column":8},"end":{"line":139,"column":40}},"29":{"start":{"line":142,"column":8},"end":{"line":142,"column":78}},"30":{"start":{"line":143,"column":8},"end":{"line":143,"column":4911}},"31":{"start":{"line":146,"column":8},"end":{"line":146,"column":39}},"32":{"start":{"line":151,"column":8},"end":{"line":151,"column":28}},"33":{"start":{"line":155,"column":8},"end":{"line":155,"column":31}},"34":{"start":{"line":159,"column":8},"end":{"line":159,"column":29}},"35":{"start":{"line":163,"column":8},"end":{"line":163,"column":28}},"36":{"start":{"line":167,"column":8},"end":{"line":167,"column":24}},"37":{"start":{"line":171,"column":8},"end":{"line":171,"column":31}},"38":{"start":{"line":175,"column":8},"end":{"line":175,"column":30}},"39":{"start":{"line":179,"column":8},"end":{"line":179,"column":36}},"40":{"start":{"line":183,"column":8},"end":{"line":183,"column":25}},"41":{"start":{"line":187,"column":8},"end":{"line":187,"column":31}}},"branchMap":{"1":{"line":71,"type":"if","locations":[{"start":{"line":71,"column":8},"end":{"line":71,"column":8}},{"start":{"line":71,"column":8},"end":{"line":71,"column":8}}]},"2":{"line":74,"type":"if","locations":[{"start":{"line":74,"column":8},"end":{"line":74,"column":8}},{"start":{"line":74,"column":8},"end":{"line":74,"column":8}}]},"3":{"line":105,"type":"if","locations":[{"start":{"line":105,"column":8},"end":{"line":105,"column":8}},{"start":{"line":105,"column":8},"end":{"line":105,"column":8}}]},"4":{"line":143,"type":"if","locations":[{"start":{"line":143,"column":8},"end":{"line":143,"column":8}},{"start":{"line":143,"column":8},"end":{"line":143,"column":8}}]}}},"contracts/test/VRFCoordinatorV2.sol":{"l":{},"path":"/Users/user/lotteryGame/contracts/test/VRFCoordinatorV2.sol","s":{},"b":{},"f":{},"fnMap":{},"statementMap":{},"branchMap":{}}}